app/build/intermediates/manifest_merge_blame_file/debug/manifest-merger-blame-debug-report.txt
1<?xml version="1.0" encoding="utf-8"?>
2<manifest xmlns:android="http://schemas.android.com/apk/res/android"
3    package="com.agamilabs.smartshop"
4    android:versionCode="1"
5    android:versionName="1.0" >
6
7    <uses-sdk
8        android:minSdkVersion="16"
8-->src\main\AndroidManifest.xml
9        android:targetSdkVersion="30" />
9-->src\main\AndroidManifest.xml
10    <!-- rofiqul -->
11    <supports-screens android:anyDensity="true" />
11-->src\main\AndroidManifest.xml:5:5-51
11-->src\main\AndroidManifest.xml:5:23-48
12
13    <uses-feature android:name="android.hardware.usb.accessory" />
13-->src\main\AndroidManifest.xml:7:5-67
13-->src\main\AndroidManifest.xml:7:19-64
14    <uses-feature android:name="android.hardware.usb.host" />
14-->src\main\AndroidManifest.xml:8:5-62
14-->src\main\AndroidManifest.xml:8:19-59
15
16    <uses-permission android:name="android.permission.ACCESS_NETWORK_STATE" />
16-->src\main\AndroidManifest.xml:10:5-79
16-->src\main\AndroidManifest.xml:10:22-76
17    <uses-permission android:name="android.permission.ACCESS_WIFI_STATE" />
17-->src\main\AndroidManifest.xml:11:5-76
17-->src\main\AndroidManifest.xml:11:22-73
18    <uses-permission android:name="android.permission.INTERNET" />
18-->src\main\AndroidManifest.xml:12:5-67
18-->src\main\AndroidManifest.xml:12:22-64
19    <uses-permission android:name="android.permission.CALL_PHONE" />
19-->src\main\AndroidManifest.xml:13:5-69
19-->src\main\AndroidManifest.xml:13:22-66
20    <uses-permission android:name="android.permission.BLUETOOTH" />
20-->src\main\AndroidManifest.xml:14:5-68
20-->src\main\AndroidManifest.xml:14:22-65
21    <uses-permission android:name="android.permission.BLUETOOTH_ADMIN" /> <!-- rofiqul -->
21-->src\main\AndroidManifest.xml:15:5-74
21-->src\main\AndroidManifest.xml:15:22-71
22    <uses-permission android:name="android.permission.INTERNET" />
22-->src\main\AndroidManifest.xml:12:5-67
22-->src\main\AndroidManifest.xml:12:22-64
23    <uses-permission android:name="android.permission.CAMERA" />
23-->src\main\AndroidManifest.xml:17:5-65
23-->src\main\AndroidManifest.xml:17:22-62
24    <uses-permission android:name="android.permission.READ_EXTERNAL_STORAGE" />
24-->src\main\AndroidManifest.xml:18:5-80
24-->src\main\AndroidManifest.xml:18:22-77
25    <uses-permission android:name="android.permission.WRITE_EXTERNAL_STORAGE" />
25-->src\main\AndroidManifest.xml:19:5-81
25-->src\main\AndroidManifest.xml:19:22-78
26    <uses-permission android:name="android.permission.WAKE_LOCK" /> <!-- Required by older versions of Google Play services to create IID tokens -->
26-->[com.google.firebase:firebase-messaging:22.0.0] AndroidManifest.xml:23:5-68
26-->[com.google.firebase:firebase-messaging:22.0.0] AndroidManifest.xml:23:22-65
27    <uses-permission android:name="com.google.android.c2dm.permission.RECEIVE" />
27-->[com.google.firebase:firebase-messaging:22.0.0] AndroidManifest.xml:25:5-82
27-->[com.google.firebase:firebase-messaging:22.0.0] AndroidManifest.xml:25:22-79
28    <uses-permission android:name="com.google.android.finsky.permission.BIND_GET_INSTALL_REFERRER_SERVICE" />
28-->[com.google.android.gms:play-services-measurement:19.0.0] AndroidManifest.xml:26:5-110
28-->[com.google.android.gms:play-services-measurement:19.0.0] AndroidManifest.xml:26:22-107
29
30    <application
30-->src\main\AndroidManifest.xml:21:5-85:19
31        android:name="com.agamilabs.smartshop.controller.AppController"
31-->src\main\AndroidManifest.xml:22:9-49
32        android:allowBackup="true"
32-->src\main\AndroidManifest.xml:23:9-35
33        android:appComponentFactory="androidx.core.app.CoreComponentFactory"
33-->[androidx.core:core:1.5.0] AndroidManifest.xml:24:18-86
34        android:debuggable="true"
35        android:icon="@mipmap/ic_launcher"
35-->src\main\AndroidManifest.xml:24:9-43
36        android:label="@string/app_name"
36-->src\main\AndroidManifest.xml:25:9-41
37        android:networkSecurityConfig="@xml/network_security_config"
37-->src\main\AndroidManifest.xml:26:9-69
38        android:roundIcon="@mipmap/ic_launcher_round"
38-->src\main\AndroidManifest.xml:27:9-54
39        android:supportsRtl="true"
39-->src\main\AndroidManifest.xml:28:9-35
40        android:testOnly="true"
41        android:theme="@style/AppTheme" >
41-->src\main\AndroidManifest.xml:29:9-40
42        <activity
42-->src\main\AndroidManifest.xml:30:9-33:15
43            android:name="com.agamilabs.smartshop.FireInboxShow.activity.FirestoreChatImageActivity"
43-->src\main\AndroidManifest.xml:30:19-84
44            android:launchMode="singleInstance"
44-->src\main\AndroidManifest.xml:31:13-48
45            android:parentActivityName="com.agamilabs.smartshop.FireInboxShow.activity.FirestoreUserChatsActivity" />
45-->src\main\AndroidManifest.xml:32:13-92
46        <!-- <activity android:name=".FireInboxShow.TestingActivity"/> -->
47        <activity
47-->src\main\AndroidManifest.xml:35:9-38:90
48            android:name="com.agamilabs.smartshop.FireInboxShow.activity.FirestoreUserChatsActivity"
48-->src\main\AndroidManifest.xml:36:13-78
49            android:launchMode="singleInstance"
49-->src\main\AndroidManifest.xml:37:13-48
50            android:parentActivityName="com.agamilabs.smartshop.FireInboxShow.activity.FireStoreUserActivity" />
50-->src\main\AndroidManifest.xml:38:13-87
51
52        <!-- <activity android:name=".FireInboxShow.FireStoreInboxActivity"/> -->
53        <!-- <activity android:name=".aaaaaaaaaa.NetworkConnectActivity"/> -->
54        <!-- <activity android:name=".aaaaaaaaaa.AllSiteActivity"/> -->
55        <!-- <activity android:name=".aaaaaaaaaa.TestingSessionActivity"/> -->
56        <!-- rofiqul -->
57        <activity android:name="com.agamilabs.smartshop.activity.DeviceListActivity" />
57-->src\main\AndroidManifest.xml:45:9-65
57-->src\main\AndroidManifest.xml:45:19-62
58        <activity android:name="com.agamilabs.smartshop.activity.PrintingActivity" />
58-->src\main\AndroidManifest.xml:46:9-63
58-->src\main\AndroidManifest.xml:46:19-60
59        <activity android:name="com.agamilabs.smartshop.activity.NewCampaignActivity" />
59-->src\main\AndroidManifest.xml:47:9-66
59-->src\main\AndroidManifest.xml:47:19-63
60        <activity android:name="com.agamilabs.smartshop.activity.CampaignActivity" /> <!-- rofiqul -->
60-->src\main\AndroidManifest.xml:48:9-63
60-->src\main\AndroidManifest.xml:48:19-60
61        <activity android:name="com.agamilabs.smartshop.MainActivity" />
61-->src\main\AndroidManifest.xml:49:9-50
61-->src\main\AndroidManifest.xml:49:19-47
62        <activity android:name="com.agamilabs.smartshop.activity.RechargeActivity" />
62-->src\main\AndroidManifest.xml:50:9-63
62-->src\main\AndroidManifest.xml:50:19-60
63        <activity android:name="com.agamilabs.smartshop.activity.ShopInboxActivity" />
63-->src\main\AndroidManifest.xml:51:9-64
63-->src\main\AndroidManifest.xml:51:19-61
64        <activity android:name="com.agamilabs.smartshop.activity.OrderReportActivity" />
64-->src\main\AndroidManifest.xml:52:9-66
64-->src\main\AndroidManifest.xml:52:19-63
65        <activity android:name="com.agamilabs.smartshop.activity.StockReportActivity" />
65-->src\main\AndroidManifest.xml:53:9-66
65-->src\main\AndroidManifest.xml:53:19-63
66        <activity android:name="com.agamilabs.smartshop.activity.CardShopActivity" />
66-->src\main\AndroidManifest.xml:54:9-63
66-->src\main\AndroidManifest.xml:54:19-60
67        <activity android:name="com.agamilabs.smartshop.ShopAdminHome" />
67-->src\main\AndroidManifest.xml:55:9-51
67-->src\main\AndroidManifest.xml:55:19-48
68        <activity android:name="com.agamilabs.smartshop.LoginActivity" />
68-->src\main\AndroidManifest.xml:56:9-51
68-->src\main\AndroidManifest.xml:56:19-48
69        <activity android:name="com.agamilabs.smartshop.InvoiceActivity" />
69-->src\main\AndroidManifest.xml:57:9-53
69-->src\main\AndroidManifest.xml:57:19-50
70        <activity android:name="com.agamilabs.smartshop.InvoiceViewerActivity" />
70-->src\main\AndroidManifest.xml:58:9-59
70-->src\main\AndroidManifest.xml:58:19-56
71        <activity android:name="com.agamilabs.smartshop.BaseScannerActivity" />
71-->src\main\AndroidManifest.xml:59:9-57
71-->src\main\AndroidManifest.xml:59:19-54
72        <activity android:name="com.agamilabs.smartshop.FullScannerActivity" /> <!-- <activity android:name=".activity.SmothViewPagerActivity"/> -->
72-->src\main\AndroidManifest.xml:60:9-57
72-->src\main\AndroidManifest.xml:60:19-54
73        <!-- <activity android:name=".activity.SmothViewPagerActivity"> -->
74        <activity android:name="com.agamilabs.smartshop.FireInboxShow.activity.FireStoreUserActivity" >
74-->src\main\AndroidManifest.xml:62:9-74:20
74-->src\main\AndroidManifest.xml:62:19-79
75
76            <!-- <activity android:name=".FireInboxShow.TestingActivity"> -->
77            <intent-filter>
77-->src\main\AndroidManifest.xml:65:13-73:29
78                <action android:name="android.intent.action.MAIN" />
78-->src\main\AndroidManifest.xml:66:17-69
78-->src\main\AndroidManifest.xml:66:25-66
79
80                <category android:name="android.intent.category.LAUNCHER" />
80-->src\main\AndroidManifest.xml:68:17-77
80-->src\main\AndroidManifest.xml:68:27-74
81                <!-- rofiqul -->
82                <action android:name="android.hardware.usb.action.USB_ACCESSORY_ATTACHED" />
82-->src\main\AndroidManifest.xml:70:17-93
82-->src\main\AndroidManifest.xml:70:25-90
83                <action android:name="android.hardware.usb.action.USB_DEVICE_ATTACHED" />
83-->src\main\AndroidManifest.xml:71:17-90
83-->src\main\AndroidManifest.xml:71:25-87
84                <!-- rofiqul -->
85            </intent-filter>
86        </activity> <!-- <service -->
87        <!-- android:name=".services.TokenReceiver"> -->
88        <!-- <intent-filter> -->
89        <!-- <action android:name="com.google.firebase.INSTANCE_ID_EVENT"/> -->
90        <!-- </intent-filter> -->
91        <!-- </service> -->
92        <service android:name="com.agamilabs.smartshop.services.NotificationReceiver" >
92-->src\main\AndroidManifest.xml:80:9-84:19
92-->src\main\AndroidManifest.xml:80:18-63
93            <intent-filter>
93-->src\main\AndroidManifest.xml:81:13-83:29
94                <action android:name="com.google.firebase.MESSAGING_EVENT" />
94-->src\main\AndroidManifest.xml:82:17-78
94-->src\main\AndroidManifest.xml:82:25-75
95            </intent-filter>
96        </service>
97
98        <provider
98-->[com.github.Mariovc:ImagePicker:1.2.2] AndroidManifest.xml:29:9-37:20
99            android:name="androidx.core.content.FileProvider"
99-->[com.github.Mariovc:ImagePicker:1.2.2] AndroidManifest.xml:30:13-62
100            android:authorities="com.agamilabs.smartshop.provider"
100-->[com.github.Mariovc:ImagePicker:1.2.2] AndroidManifest.xml:31:13-60
101            android:exported="false"
101-->[com.github.Mariovc:ImagePicker:1.2.2] AndroidManifest.xml:32:13-37
102            android:grantUriPermissions="true" >
102-->[com.github.Mariovc:ImagePicker:1.2.2] AndroidManifest.xml:33:13-47
103            <meta-data
103-->[com.github.Mariovc:ImagePicker:1.2.2] AndroidManifest.xml:34:13-36:58
104                android:name="android.support.FILE_PROVIDER_PATHS"
104-->[com.github.Mariovc:ImagePicker:1.2.2] AndroidManifest.xml:35:17-67
105                android:resource="@xml/provider_paths" />
105-->[com.github.Mariovc:ImagePicker:1.2.2] AndroidManifest.xml:36:17-55
106        </provider>
107
108        <receiver
108-->[com.google.firebase:firebase-messaging:22.0.0] AndroidManifest.xml:28:9-35:20
109            android:name="com.google.firebase.iid.FirebaseInstanceIdReceiver"
109-->[com.google.firebase:firebase-messaging:22.0.0] AndroidManifest.xml:29:13-78
110            android:exported="true"
110-->[com.google.firebase:firebase-messaging:22.0.0] AndroidManifest.xml:30:13-36
111            android:permission="com.google.android.c2dm.permission.SEND" >
111-->[com.google.firebase:firebase-messaging:22.0.0] AndroidManifest.xml:31:13-73
112            <intent-filter>
112-->[com.google.firebase:firebase-messaging:22.0.0] AndroidManifest.xml:32:13-34:29
113                <action android:name="com.google.android.c2dm.intent.RECEIVE" />
113-->[com.google.firebase:firebase-messaging:22.0.0] AndroidManifest.xml:33:17-81
113-->[com.google.firebase:firebase-messaging:22.0.0] AndroidManifest.xml:33:25-78
114            </intent-filter>
115        </receiver>
116        <!--
117             FirebaseMessagingService performs security checks at runtime,
118             but set to not exported to explicitly avoid allowing another app to call it.
119        -->
120        <service
120-->[com.google.firebase:firebase-messaging:22.0.0] AndroidManifest.xml:41:9-48:19
121            android:name="com.google.firebase.messaging.FirebaseMessagingService"
121-->[com.google.firebase:firebase-messaging:22.0.0] AndroidManifest.xml:42:13-82
122            android:directBootAware="true"
122-->[com.google.firebase:firebase-messaging:22.0.0] AndroidManifest.xml:43:13-43
123            android:exported="false" >
123-->[com.google.firebase:firebase-messaging:22.0.0] AndroidManifest.xml:44:13-37
124            <intent-filter android:priority="-500" >
124-->src\main\AndroidManifest.xml:81:13-83:29
125                <action android:name="com.google.firebase.MESSAGING_EVENT" />
125-->src\main\AndroidManifest.xml:82:17-78
125-->src\main\AndroidManifest.xml:82:25-75
126            </intent-filter>
127        </service>
128        <service
128-->[com.google.firebase:firebase-messaging:22.0.0] AndroidManifest.xml:49:9-55:19
129            android:name="com.google.firebase.components.ComponentDiscoveryService"
129-->[com.google.firebase:firebase-messaging:22.0.0] AndroidManifest.xml:50:13-84
130            android:directBootAware="true"
130-->[com.google.firebase:firebase-common:20.0.0] AndroidManifest.xml:35:13-43
131            android:exported="false" >
131-->[com.google.firebase:firebase-messaging:22.0.0] AndroidManifest.xml:51:13-37
132            <meta-data
132-->[com.google.firebase:firebase-messaging:22.0.0] AndroidManifest.xml:52:13-54:85
133                android:name="com.google.firebase.components:com.google.firebase.messaging.FirebaseMessagingRegistrar"
133-->[com.google.firebase:firebase-messaging:22.0.0] AndroidManifest.xml:53:17-119
134                android:value="com.google.firebase.components.ComponentRegistrar" />
134-->[com.google.firebase:firebase-messaging:22.0.0] AndroidManifest.xml:54:17-82
135            <meta-data
135-->[com.google.firebase:firebase-firestore:23.0.0] AndroidManifest.xml:20:13-22:85
136                android:name="com.google.firebase.components:com.google.firebase.firestore.FirestoreRegistrar"
136-->[com.google.firebase:firebase-firestore:23.0.0] AndroidManifest.xml:21:17-111
137                android:value="com.google.firebase.components.ComponentRegistrar" />
137-->[com.google.firebase:firebase-firestore:23.0.0] AndroidManifest.xml:22:17-82
138            <meta-data
138-->[com.google.firebase:firebase-auth:21.0.1] AndroidManifest.xml:77:13-79:85
139                android:name="com.google.firebase.components:com.google.firebase.auth.FirebaseAuthRegistrar"
139-->[com.google.firebase:firebase-auth:21.0.1] AndroidManifest.xml:78:17-109
140                android:value="com.google.firebase.components.ComponentRegistrar" />
140-->[com.google.firebase:firebase-auth:21.0.1] AndroidManifest.xml:79:17-82
141            <meta-data
141-->[com.google.firebase:firebase-storage:20.0.0] AndroidManifest.xml:33:13-35:85
142                android:name="com.google.firebase.components:com.google.firebase.storage.StorageRegistrar"
142-->[com.google.firebase:firebase-storage:20.0.0] AndroidManifest.xml:34:17-107
143                android:value="com.google.firebase.components.ComponentRegistrar" />
143-->[com.google.firebase:firebase-storage:20.0.0] AndroidManifest.xml:35:17-82
144            <meta-data
144-->[com.google.firebase:firebase-datatransport:18.0.0] AndroidManifest.xml:28:13-30:85
145                android:name="com.google.firebase.components:com.google.firebase.datatransport.TransportRegistrar"
145-->[com.google.firebase:firebase-datatransport:18.0.0] AndroidManifest.xml:29:17-115
146                android:value="com.google.firebase.components.ComponentRegistrar" />
146-->[com.google.firebase:firebase-datatransport:18.0.0] AndroidManifest.xml:30:17-82
147            <meta-data
147-->[com.google.android.gms:play-services-measurement-api:19.0.0] AndroidManifest.xml:30:13-32:85
148                android:name="com.google.firebase.components:com.google.firebase.analytics.connector.internal.AnalyticsConnectorRegistrar"
148-->[com.google.android.gms:play-services-measurement-api:19.0.0] AndroidManifest.xml:31:17-139
149                android:value="com.google.firebase.components.ComponentRegistrar" />
149-->[com.google.android.gms:play-services-measurement-api:19.0.0] AndroidManifest.xml:32:17-82
150            <meta-data
150-->[com.google.firebase:firebase-installations:17.0.0] AndroidManifest.xml:18:13-20:85
151                android:name="com.google.firebase.components:com.google.firebase.installations.FirebaseInstallationsRegistrar"
151-->[com.google.firebase:firebase-installations:17.0.0] AndroidManifest.xml:19:17-127
152                android:value="com.google.firebase.components.ComponentRegistrar" />
152-->[com.google.firebase:firebase-installations:17.0.0] AndroidManifest.xml:20:17-82
153        </service>
154
155        <provider
155-->[com.squareup.picasso:picasso:2.71828] AndroidManifest.xml:8:9-11:40
156            android:name="com.squareup.picasso.PicassoProvider"
156-->[com.squareup.picasso:picasso:2.71828] AndroidManifest.xml:9:13-64
157            android:authorities="com.agamilabs.smartshop.com.squareup.picasso"
157-->[com.squareup.picasso:picasso:2.71828] AndroidManifest.xml:10:13-72
158            android:exported="false" />
158-->[com.squareup.picasso:picasso:2.71828] AndroidManifest.xml:11:13-37
159
160        <activity
160-->[com.google.firebase:firebase-auth:21.0.1] AndroidManifest.xml:27:9-44:20
161            android:name="com.google.firebase.auth.internal.GenericIdpActivity"
161-->[com.google.firebase:firebase-auth:21.0.1] AndroidManifest.xml:28:13-80
162            android:excludeFromRecents="true"
162-->[com.google.firebase:firebase-auth:21.0.1] AndroidManifest.xml:29:13-46
163            android:exported="true"
163-->[com.google.firebase:firebase-auth:21.0.1] AndroidManifest.xml:30:13-36
164            android:launchMode="singleTask"
164-->[com.google.firebase:firebase-auth:21.0.1] AndroidManifest.xml:31:13-44
165            android:theme="@android:style/Theme.Translucent.NoTitleBar" >
165-->[com.google.firebase:firebase-auth:21.0.1] AndroidManifest.xml:32:13-72
166            <intent-filter>
166-->[com.google.firebase:firebase-auth:21.0.1] AndroidManifest.xml:33:13-43:29
167                <action android:name="android.intent.action.VIEW" />
167-->[com.google.firebase:firebase-auth:21.0.1] AndroidManifest.xml:34:17-69
167-->[com.google.firebase:firebase-auth:21.0.1] AndroidManifest.xml:34:25-66
168
169                <category android:name="android.intent.category.DEFAULT" />
169-->[com.google.firebase:firebase-auth:21.0.1] AndroidManifest.xml:36:17-76
169-->[com.google.firebase:firebase-auth:21.0.1] AndroidManifest.xml:36:27-73
170                <category android:name="android.intent.category.BROWSABLE" />
170-->[com.google.firebase:firebase-auth:21.0.1] AndroidManifest.xml:37:17-78
170-->[com.google.firebase:firebase-auth:21.0.1] AndroidManifest.xml:37:27-75
171
172                <data
172-->[com.google.firebase:firebase-auth:21.0.1] AndroidManifest.xml:39:17-42:51
173                    android:host="firebase.auth"
173-->[com.google.firebase:firebase-auth:21.0.1] AndroidManifest.xml:40:21-49
174                    android:path="/"
174-->[com.google.firebase:firebase-auth:21.0.1] AndroidManifest.xml:41:21-37
175                    android:scheme="genericidp" />
175-->[com.google.firebase:firebase-auth:21.0.1] AndroidManifest.xml:42:21-48
176            </intent-filter>
177        </activity>
178        <activity
178-->[com.google.firebase:firebase-auth:21.0.1] AndroidManifest.xml:45:9-62:20
179            android:name="com.google.firebase.auth.internal.RecaptchaActivity"
179-->[com.google.firebase:firebase-auth:21.0.1] AndroidManifest.xml:46:13-79
180            android:excludeFromRecents="true"
180-->[com.google.firebase:firebase-auth:21.0.1] AndroidManifest.xml:47:13-46
181            android:exported="true"
181-->[com.google.firebase:firebase-auth:21.0.1] AndroidManifest.xml:48:13-36
182            android:launchMode="singleTask"
182-->[com.google.firebase:firebase-auth:21.0.1] AndroidManifest.xml:49:13-44
183            android:theme="@android:style/Theme.Translucent.NoTitleBar" >
183-->[com.google.firebase:firebase-auth:21.0.1] AndroidManifest.xml:50:13-72
184            <intent-filter>
184-->[com.google.firebase:firebase-auth:21.0.1] AndroidManifest.xml:51:13-61:29
185                <action android:name="android.intent.action.VIEW" />
185-->[com.google.firebase:firebase-auth:21.0.1] AndroidManifest.xml:34:17-69
185-->[com.google.firebase:firebase-auth:21.0.1] AndroidManifest.xml:34:25-66
186
187                <category android:name="android.intent.category.DEFAULT" />
187-->[com.google.firebase:firebase-auth:21.0.1] AndroidManifest.xml:36:17-76
187-->[com.google.firebase:firebase-auth:21.0.1] AndroidManifest.xml:36:27-73
188                <category android:name="android.intent.category.BROWSABLE" />
188-->[com.google.firebase:firebase-auth:21.0.1] AndroidManifest.xml:37:17-78
188-->[com.google.firebase:firebase-auth:21.0.1] AndroidManifest.xml:37:27-75
189
190                <data
190-->[com.google.firebase:firebase-auth:21.0.1] AndroidManifest.xml:39:17-42:51
191                    android:host="firebase.auth"
191-->[com.google.firebase:firebase-auth:21.0.1] AndroidManifest.xml:40:21-49
192                    android:path="/"
192-->[com.google.firebase:firebase-auth:21.0.1] AndroidManifest.xml:41:21-37
193                    android:scheme="recaptcha" />
193-->[com.google.firebase:firebase-auth:21.0.1] AndroidManifest.xml:42:21-48
194            </intent-filter>
195        </activity>
196
197        <service
197-->[com.google.firebase:firebase-auth:21.0.1] AndroidManifest.xml:64:9-73:19
198            android:name="com.google.firebase.auth.api.fallback.service.FirebaseAuthFallbackService"
198-->[com.google.firebase:firebase-auth:21.0.1] AndroidManifest.xml:65:13-101
199            android:enabled="true"
199-->[com.google.firebase:firebase-auth:21.0.1] AndroidManifest.xml:66:13-35
200            android:exported="false" >
200-->[com.google.firebase:firebase-auth:21.0.1] AndroidManifest.xml:67:13-37
201            <intent-filter>
201-->[com.google.firebase:firebase-auth:21.0.1] AndroidManifest.xml:68:13-72:29
202                <action android:name="com.google.firebase.auth.api.gms.service.START" />
202-->[com.google.firebase:firebase-auth:21.0.1] AndroidManifest.xml:69:17-89
202-->[com.google.firebase:firebase-auth:21.0.1] AndroidManifest.xml:69:25-86
203
204                <category android:name="android.intent.category.DEFAULT" />
204-->[com.google.firebase:firebase-auth:21.0.1] AndroidManifest.xml:36:17-76
204-->[com.google.firebase:firebase-auth:21.0.1] AndroidManifest.xml:36:27-73
205            </intent-filter>
206        </service>
207
208        <activity
208-->[com.google.android.gms:play-services-base:17.1.0] AndroidManifest.xml:23:9-26:75
209            android:name="com.google.android.gms.common.api.GoogleApiActivity"
209-->[com.google.android.gms:play-services-base:17.1.0] AndroidManifest.xml:24:13-79
210            android:exported="false"
210-->[com.google.android.gms:play-services-base:17.1.0] AndroidManifest.xml:25:13-37
211            android:theme="@android:style/Theme.Translucent.NoTitleBar" />
211-->[com.google.android.gms:play-services-base:17.1.0] AndroidManifest.xml:26:13-72
212
213        <receiver
213-->[com.google.android.gms:play-services-measurement:19.0.0] AndroidManifest.xml:29:9-33:20
214            android:name="com.google.android.gms.measurement.AppMeasurementReceiver"
214-->[com.google.android.gms:play-services-measurement:19.0.0] AndroidManifest.xml:30:13-85
215            android:enabled="true"
215-->[com.google.android.gms:play-services-measurement:19.0.0] AndroidManifest.xml:31:13-35
216            android:exported="false" >
216-->[com.google.android.gms:play-services-measurement:19.0.0] AndroidManifest.xml:32:13-37
217        </receiver>
218
219        <service
219-->[com.google.android.gms:play-services-measurement:19.0.0] AndroidManifest.xml:35:9-38:40
220            android:name="com.google.android.gms.measurement.AppMeasurementService"
220-->[com.google.android.gms:play-services-measurement:19.0.0] AndroidManifest.xml:36:13-84
221            android:enabled="true"
221-->[com.google.android.gms:play-services-measurement:19.0.0] AndroidManifest.xml:37:13-35
222            android:exported="false" />
222-->[com.google.android.gms:play-services-measurement:19.0.0] AndroidManifest.xml:38:13-37
223        <service
223-->[com.google.android.gms:play-services-measurement:19.0.0] AndroidManifest.xml:39:9-43:72
224            android:name="com.google.android.gms.measurement.AppMeasurementJobService"
224-->[com.google.android.gms:play-services-measurement:19.0.0] AndroidManifest.xml:40:13-87
225            android:enabled="true"
225-->[com.google.android.gms:play-services-measurement:19.0.0] AndroidManifest.xml:41:13-35
226            android:exported="false"
226-->[com.google.android.gms:play-services-measurement:19.0.0] AndroidManifest.xml:42:13-37
227            android:permission="android.permission.BIND_JOB_SERVICE" />
227-->[com.google.android.gms:play-services-measurement:19.0.0] AndroidManifest.xml:43:13-69
228
229        <provider
229-->[com.google.firebase:firebase-common:20.0.0] AndroidManifest.xml:26:9-31:39
230            android:name="com.google.firebase.provider.FirebaseInitProvider"
230-->[com.google.firebase:firebase-common:20.0.0] AndroidManifest.xml:27:13-77
231            android:authorities="com.agamilabs.smartshop.firebaseinitprovider"
231-->[com.google.firebase:firebase-common:20.0.0] AndroidManifest.xml:28:13-72
232            android:directBootAware="true"
232-->[com.google.firebase:firebase-common:20.0.0] AndroidManifest.xml:29:13-43
233            android:exported="false"
233-->[com.google.firebase:firebase-common:20.0.0] AndroidManifest.xml:30:13-37
234            android:initOrder="100" />
234-->[com.google.firebase:firebase-common:20.0.0] AndroidManifest.xml:31:13-36
235
236        <meta-data
236-->[com.google.android.gms:play-services-basement:17.1.0] AndroidManifest.xml:23:9-25:69
237            android:name="com.google.android.gms.version"
237-->[com.google.android.gms:play-services-basement:17.1.0] AndroidManifest.xml:24:13-58
238            android:value="@integer/google_play_services_version" />
238-->[com.google.android.gms:play-services-basement:17.1.0] AndroidManifest.xml:25:13-66
239
240        <service
240-->[com.google.android.datatransport:transport-backend-cct:3.0.0] AndroidManifest.xml:29:9-35:19
241            android:name="com.google.android.datatransport.runtime.backends.TransportBackendDiscovery"
241-->[com.google.android.datatransport:transport-backend-cct:3.0.0] AndroidManifest.xml:30:13-103
242            android:exported="false" >
242-->[com.google.android.datatransport:transport-backend-cct:3.0.0] AndroidManifest.xml:31:13-37
243            <meta-data
243-->[com.google.android.datatransport:transport-backend-cct:3.0.0] AndroidManifest.xml:32:13-34:39
244                android:name="backend:com.google.android.datatransport.cct.CctBackendFactory"
244-->[com.google.android.datatransport:transport-backend-cct:3.0.0] AndroidManifest.xml:33:17-94
245                android:value="cct" />
245-->[com.google.android.datatransport:transport-backend-cct:3.0.0] AndroidManifest.xml:34:17-36
246        </service>
247        <service
247-->[com.google.android.datatransport:transport-runtime:3.0.0] AndroidManifest.xml:26:9-30:19
248            android:name="com.google.android.datatransport.runtime.scheduling.jobscheduling.JobInfoSchedulerService"
248-->[com.google.android.datatransport:transport-runtime:3.0.0] AndroidManifest.xml:27:13-117
249            android:exported="false"
249-->[com.google.android.datatransport:transport-runtime:3.0.0] AndroidManifest.xml:28:13-37
250            android:permission="android.permission.BIND_JOB_SERVICE" >
250-->[com.google.android.datatransport:transport-runtime:3.0.0] AndroidManifest.xml:29:13-69
251        </service>
252
253        <receiver
253-->[com.google.android.datatransport:transport-runtime:3.0.0] AndroidManifest.xml:32:9-34:40
254            android:name="com.google.android.datatransport.runtime.scheduling.jobscheduling.AlarmManagerSchedulerBroadcastReceiver"
254-->[com.google.android.datatransport:transport-runtime:3.0.0] AndroidManifest.xml:33:13-132
255            android:exported="false" />
255-->[com.google.android.datatransport:transport-runtime:3.0.0] AndroidManifest.xml:34:13-37
256    </application>
257
258</manifest>